TN:
SF:src/auth/auth.service.ts
FN:14,(anonymous_13)
FN:21,(anonymous_14)
FN:29,(anonymous_15)
FN:37,(anonymous_16)
FN:44,(anonymous_17)
FN:64,(anonymous_18)
FN:81,(anonymous_19)
FNF:7
FNH:7
FNDA:8,(anonymous_13)
FNDA:4,(anonymous_14)
FNDA:4,(anonymous_15)
FNDA:4,(anonymous_16)
FNDA:2,(anonymous_17)
FNDA:4,(anonymous_18)
FNDA:2,(anonymous_19)
DA:1,1
DA:2,1
DA:3,1
DA:4,1
DA:5,1
DA:6,1
DA:7,1
DA:10,1
DA:13,1
DA:16,8
DA:17,8
DA:18,8
DA:22,4
DA:23,4
DA:30,4
DA:31,4
DA:38,4
DA:45,2
DA:49,2
DA:50,1
DA:53,1
DA:54,1
DA:59,1
DA:61,1
DA:65,4
DA:69,4
DA:70,1
DA:73,3
DA:74,3
DA:75,1
DA:78,2
DA:82,2
DA:83,2
DA:87,1
DA:91,1
DA:92,0
DA:95,1
DA:97,1
LF:38
LH:37
BRDA:49,0,0,1
BRDA:49,0,1,1
BRDA:69,1,0,1
BRDA:69,1,1,3
BRDA:74,2,0,1
BRDA:74,2,1,2
BRDA:91,3,0,0
BRDA:91,3,1,1
BRF:8
BRH:7
end_of_record
TN:
SF:src/blocks/blocks.service.ts
FN:12,(anonymous_4)
FN:19,(anonymous_5)
FN:30,(anonymous_6)
FN:41,(anonymous_7)
FN:63,(anonymous_8)
FN:72,(anonymous_9)
FN:86,(anonymous_10)
FN:117,(anonymous_11)
FN:126,(anonymous_12)
FN:129,(anonymous_13)
FNF:10
FNH:8
FNDA:11,(anonymous_4)
FNDA:22,(anonymous_5)
FNDA:15,(anonymous_6)
FNDA:2,(anonymous_7)
FNDA:1,(anonymous_8)
FNDA:17,(anonymous_9)
FNDA:15,(anonymous_10)
FNDA:1,(anonymous_11)
FNDA:0,(anonymous_12)
FNDA:0,(anonymous_13)
DA:1,1
DA:2,1
DA:3,1
DA:4,1
DA:5,1
DA:11,1
DA:14,11
DA:16,11
DA:20,22
DA:21,22
DA:22,1
DA:24,21
DA:25,1
DA:27,20
DA:31,15
DA:32,15
DA:33,15
DA:34,12
DA:35,11
DA:36,9
DA:37,8
DA:38,7
DA:42,2
DA:45,2
DA:46,1
DA:47,1
DA:51,1
DA:56,1
DA:58,1
DA:60,1
DA:64,1
DA:66,1
DA:73,17
DA:75,17
DA:79,17
DA:80,1
DA:83,16
DA:87,15
DA:89,15
DA:90,1
DA:91,1
DA:92,1
DA:93,1
DA:95,0
DA:99,14
DA:101,14
DA:102,14
DA:104,14
DA:105,6
DA:109,8
DA:110,8
DA:112,8
DA:114,8
DA:118,1
DA:119,1
DA:121,1
DA:123,1
DA:127,0
DA:129,0
DA:130,0
DA:132,0
DA:134,0
DA:137,0
LF:63
LH:56
BRDA:21,0,0,1
BRDA:21,0,1,21
BRDA:24,1,0,1
BRDA:24,1,1,20
BRDA:31,2,0,15
BRDA:31,2,1,0
BRDA:32,3,0,0
BRDA:32,3,1,15
BRDA:33,4,0,3
BRDA:33,4,1,12
BRDA:34,5,0,1
BRDA:34,5,1,11
BRDA:35,6,0,2
BRDA:35,6,1,9
BRDA:36,7,0,1
BRDA:36,7,1,8
BRDA:37,8,0,1
BRDA:37,8,1,7
BRDA:45,9,0,1
BRDA:45,9,1,1
BRDA:45,10,0,2
BRDA:45,10,1,2
BRDA:46,11,0,1
BRDA:46,11,1,0
BRDA:79,12,0,1
BRDA:79,12,1,16
BRDA:89,13,0,1
BRDA:89,13,1,14
BRDA:92,14,0,1
BRDA:92,14,1,0
BRDA:99,15,0,14
BRDA:99,15,1,14
BRDA:101,16,0,14
BRDA:101,16,1,0
BRDA:101,17,0,14
BRDA:101,17,1,14
BRDA:102,18,0,14
BRDA:102,18,1,0
BRDA:104,19,0,6
BRDA:104,19,1,8
BRDA:104,20,0,14
BRDA:104,20,1,14
BRF:42
BRH:36
end_of_record
TN:
SF:src/notes/notes.service.ts
FN:10,(anonymous_4)
FN:15,(anonymous_5)
FN:24,(anonymous_6)
FN:31,(anonymous_7)
FN:46,(anonymous_8)
FN:52,(anonymous_9)
FN:61,(anonymous_10)
FNF:7
FNH:7
FNDA:8,(anonymous_4)
FNDA:1,(anonymous_5)
FNDA:1,(anonymous_6)
FNDA:9,(anonymous_7)
FNDA:7,(anonymous_8)
FNDA:5,(anonymous_9)
FNDA:1,(anonymous_10)
DA:1,1
DA:2,1
DA:3,1
DA:4,1
DA:9,1
DA:12,8
DA:16,1
DA:21,1
DA:25,1
DA:32,9
DA:37,9
DA:38,1
DA:41,8
DA:42,1
DA:45,7
DA:46,7
DA:49,7
DA:53,5
DA:55,5
DA:56,5
DA:58,5
DA:62,1
DA:63,1
DA:64,1
LF:24
LH:24
BRDA:37,0,0,1
BRDA:37,0,1,8
BRDA:41,1,0,1
BRDA:41,1,1,7
BRDA:45,2,0,7
BRDA:45,2,1,0
BRF:6
BRH:5
end_of_record
